{"logTime": "0627/234949", "correlationVector":"mA4uQlJe1lEzmQxrzTMJYZ.1","action":"SyncServerConnectionManagerRequest", "result":"SYNC_SERVER_OK", "context":{"environment":"Prod_southeastasia_prod-s01-065-apac-southeastasia", "migrationStage":"NotStarted", "server":"akswtt00800000p"}}
{"logTime": "0627/234949", "correlationVector":"mA4uQlJe1lEzmQxrzTMJYZ.2","action":"ProcessGetUpdates", "result":"Done", "context":{"dataType":"Encryption Keys", "deleted":"0", "process_failed_to_decrypt":"0", "process_pending_decryption":"0", "process_success":"1", "total":"1"}}
{"logTime": "0627/234949", "correlationVector":"ZYiYFS0RquNjUDIq9qqcnQ","action":"SyncServerConnectionManagerRequest", "result":"SYNC_SERVER_OK", "context":{"environment":"", "migrationStage":"", "server":""}}
{"logTime": "0627/234949", "correlationVector":"ZYiYFS0RquNjUDIq9qqcnQ.0","action":"EncryptionKeysFetcher.DownloadKeys:", "result":"Success", "context":Key count: 9, Last key timestamp: 2025-04-10T11:46:50Z}
{"logTime": "0627/234949", "correlationVector":"ZYiYFS0RquNjUDIq9qqcnQ.1","action":"EncryptionKeysManager::SetEncryptionKeys:", "result":"Success", "context":Key names[9]:[LiIl7AJRgcu18uoCuGg8PZ3FoNTlobCnYZBeO9fzP4Jrnj0RD+rxBzvueTZyOONQhqTWqbAA0KDDhJgGCQ/tzA==][vKhoqGBmsO3xTWOubCag0BtT6oJx/3F5w0v0DgajtSzTumtr7U+Kl1m+R8UDeW6oi7kMS4WTw6oWiwiyeEHx+w==][3v4mC4vSy6T9rm2rL4sTMi4lk5N1nnTd5zjlyeL7SOqsh1XRTWEp/6R1SdWoAzMRWGkhvXMdalOba5I5A6I84w==][DBun80jUdAn/YRJ7AweQvBqyMqJaKF2bj2viNpxyLlEvFmR64qKq9vSxkA9NAJ5OotsTn8B35dkbDa2dtQ6w9g==][ll84XCPO0z/U4+y8EusQqJSR7trOjzpVbbhAQ4dbTocRjmraSgv3LQcqk2ZoP92y1P8pEKtEtKVAJmRQkXHDDQ==][42+QI7dOyO9YN5Os0OabBEZnj/0VnYMIWOx9UQnuX+cRgvlTdcY+ZMV8Mf5VBvHUCNc/SG91wEsSwr6JVb+ckw==][NCgOUrVHg6Wl84M/skUpBvD0Gj5X5pCvkbaGe2ZjbEcIS59l2Szd/dGI9WegYAtczIIXVOApaF7aOszV4pbDag==][+RsSLlC/JkkTCY3GYJ1I85s0TI6ZmP+J5qXT2j86LsThx1G1n53Uphjk3fhF4z3FGD/hcJDGrqL9/jUccVTRgg==][UqiUYq4BX9QPp/OqZrgHKkjaLZscbOv1u9ylyR1VMAXwQuusLGwkL5Pwi+2WrN8PYOUFFBxHC+hZwCd6wl17Yw==]}
{"logTime": "0627/234949", "correlationVector":"ZYiYFS0RquNjUDIq9qqcnQ.2","action":"EncryptionKeysManager::SetEncryptionKeysWithTimestamps:", "result":"Success", "context":Key timestamps[9]:[2021-05-05T07:50:28Z][2021-11-03T08:31:07Z][2022-05-12T07:24:59Z][2022-12-29T12:25:56Z][2023-06-28T11:59:32Z][2023-10-16T11:33:24Z][2024-04-13T20:12:52Z][2024-10-11T08:12:53Z][2025-04-10T11:46:50Z]}
{"logTime": "0627/234949", "correlationVector":"mA4uQlJe1lEzmQxrzTMJYZ","action":"Initial GetUpdates", "result":"", "context":Reason: NEW_CLIENT. cV=mA4uQlJe1lEzmQxrzTMJYZ}
{"logTime": "0627/234949", "correlationVector":"mA4uQlJe1lEzmQxrzTMJYZ.3","action":"GetUpdates Response", "result":"Success", "context":Received 1 update(s). cV=mA4uQlJe1lEzmQxrzTMJYZ.0;server=akswtt00800000p;cloudType=Consumer;environment=Prod_southeastasia_prod-s01-065-apac-southeastasia;migrationStage=NotStarted}
{"logTime": "0627/234949", "correlationVector":"8/hCdAmsdipe9m5f1jPpfu","action":"Initial GetUpdates", "result":"", "context":Reason: NEWLY_SUPPORTED_DATATYPE. cV=8/hCdAmsdipe9m5f1jPpfu}
{"logTime": "0627/234951", "correlationVector":"8/hCdAmsdipe9m5f1jPpfu.1","action":"SyncServerConnectionManagerRequest", "result":"SYNC_SERVER_OK", "context":{"environment":"Prod_southeastasia_prod-s01-065-apac-southeastasia", "migrationStage":"NotStarted", "server":"akswtt00800003h"}}
{"logTime": "0627/234951", "correlationVector":"8/hCdAmsdipe9m5f1jPpfu.2","action":"ProcessGetUpdates", "result":"Done", "context":{"dataType":"Preferences", "deleted":"0", "process_failed_to_decrypt":"0", "process_pending_decryption":"0", "process_success":"76", "total":"76"}}
{"logTime": "0627/234951", "correlationVector":"8/hCdAmsdipe9m5f1jPpfu.3","action":"ProcessGetUpdates", "result":"Done", "context":{"dataType":"Passwords", "deleted":"91", "process_failed_to_decrypt":"0", "process_pending_decryption":"0", "process_success":"133", "total":"133"}}
{"logTime": "0627/234951", "correlationVector":"8/hCdAmsdipe9m5f1jPpfu.4","action":"ProcessGetUpdates", "result":"Done", "context":{"dataType":"Device Info", "deleted":"0", "process_failed_to_decrypt":"0", "process_pending_decryption":"0", "process_success":"41", "total":"41"}}
{"logTime": "0627/234951", "correlationVector":"8/hCdAmsdipe9m5f1jPpfu.5","action":"GetUpdates Response", "result":"Success", "context":Received 250 update(s). cV=8/hCdAmsdipe9m5f1jPpfu.0;server=akswtt00800003h;cloudType=Consumer;environment=Prod_southeastasia_prod-s01-065-apac-southeastasia;migrationStage=NotStarted Some updates remain.}
{"logTime": "0627/234951", "correlationVector":"nULtKq62r8LW3tyTQX129M","action":"Initial GetUpdates", "result":"", "context":Reason: NEWLY_SUPPORTED_DATATYPE. cV=nULtKq62r8LW3tyTQX129M}
{"logTime": "0627/234951", "correlationVector":"nULtKq62r8LW3tyTQX129M.1","action":"SyncServerConnectionManagerRequest", "result":"SYNC_SERVER_OK", "context":{"environment":"Prod_southeastasia_prod-s01-065-apac-southeastasia", "migrationStage":"NotStarted", "server":"akswtt00800000i"}}
{"logTime": "0627/234951", "correlationVector":"nULtKq62r8LW3tyTQX129M.2","action":"ProcessGetUpdates", "result":"Done", "context":{"dataType":"Preferences", "deleted":"1", "process_failed_to_decrypt":"0", "process_pending_decryption":"0", "process_success":"12", "total":"12"}}
{"logTime": "0627/234951", "correlationVector":"nULtKq62r8LW3tyTQX129M.3","action":"ProcessGetUpdates", "result":"Done", "context":{"dataType":"Passwords", "deleted":"0", "process_failed_to_decrypt":"0", "process_pending_decryption":"0", "process_success":"52", "total":"52"}}
{"logTime": "0627/234951", "correlationVector":"nULtKq62r8LW3tyTQX129M.4","action":"ProcessGetUpdates", "result":"Done", "context":{"dataType":"Device Info", "deleted":"0", "process_failed_to_decrypt":"0", "process_pending_decryption":"0", "process_success":"29", "total":"29"}}
{"logTime": "0627/234951", "correlationVector":"nULtKq62r8LW3tyTQX129M.5","action":"GetUpdates Response", "result":"Success", "context":Received 93 update(s). cV=nULtKq62r8LW3tyTQX129M.0;server=akswtt00800000i;cloudType=Consumer;environment=Prod_southeastasia_prod-s01-065-apac-southeastasia;migrationStage=NotStarted}
{"logTime": "0627/234951", "correlationVector":"uKKyPOLC8QhvXqlC7bsNH6","action":"Initial GetUpdates", "result":"", "context":Reason: NEWLY_SUPPORTED_DATATYPE. cV=uKKyPOLC8QhvXqlC7bsNH6}
{"logTime": "0627/234951", "correlationVector":"uKKyPOLC8QhvXqlC7bsNH6.1","action":"SyncServerConnectionManagerRequest", "result":"SYNC_SERVER_OK", "context":{"environment":"Prod_southeastasia_prod-s01-065-apac-southeastasia", "migrationStage":"NotStarted", "server":"akswtt00800002x"}}
{"logTime": "0627/234951", "correlationVector":"uKKyPOLC8QhvXqlC7bsNH6.2","action":"ProcessGetUpdates", "result":"Done", "context":{"dataType":"Bookmarks", "deleted":"0", "process_failed_to_decrypt":"0", "process_pending_decryption":"0", "process_success":"12", "total":"12"}}
{"logTime": "0627/234951", "correlationVector":"uKKyPOLC8QhvXqlC7bsNH6.3","action":"GetUpdates Response", "result":"Success", "context":Received 12 update(s). cV=uKKyPOLC8QhvXqlC7bsNH6.0;server=akswtt00800002x;cloudType=Consumer;environment=Prod_southeastasia_prod-s01-065-apac-southeastasia;migrationStage=NotStarted}
{"logTime": "0627/234951", "correlationVector":"qT7x+e99FoBNya9o+emWtd","action":"Initial GetUpdates", "result":"", "context":Reason: NEWLY_SUPPORTED_DATATYPE. cV=qT7x+e99FoBNya9o+emWtd}
{"logTime": "0627/234953", "correlationVector":"qT7x+e99FoBNya9o+emWtd.1","action":"SyncServerConnectionManagerRequest", "result":"SYNC_SERVER_OK", "context":{"environment":"Prod_southeastasia_prod-s01-065-apac-southeastasia", "migrationStage":"NotStarted", "server":"akswtt00800002x"}}
{"logTime": "0627/234953", "correlationVector":"qT7x+e99FoBNya9o+emWtd.2","action":"ProcessGetUpdates", "result":"Done", "context":{"dataType":"Autofill Profiles", "deleted":"0", "process_failed_to_decrypt":"0", "process_pending_decryption":"0", "process_success":"33", "total":"33"}}
{"logTime": "0627/234953", "correlationVector":"qT7x+e99FoBNya9o+emWtd.3","action":"ProcessGetUpdates", "result":"Done", "context":{"dataType":"Autofill", "deleted":"0", "process_failed_to_decrypt":"0", "process_pending_decryption":"0", "process_success":"202", "total":"202"}}
{"logTime": "0627/234953", "correlationVector":"qT7x+e99FoBNya9o+emWtd.4","action":"ProcessGetUpdates", "result":"Done", "context":{"dataType":"Extensions", "deleted":"0", "process_failed_to_decrypt":"0", "process_pending_decryption":"0", "process_success":"2", "total":"2"}}
{"logTime": "0627/234953", "correlationVector":"qT7x+e99FoBNya9o+emWtd.5","action":"ProcessGetUpdates", "result":"Done", "context":{"dataType":"Sessions", "deleted":"9", "process_failed_to_decrypt":"0", "process_pending_decryption":"0", "process_success":"9", "total":"9"}}
{"logTime": "0627/234953", "correlationVector":"qT7x+e99FoBNya9o+emWtd.6","action":"ProcessGetUpdates", "result":"Done", "context":{"dataType":"Collection", "deleted":"0", "process_failed_to_decrypt":"0", "process_pending_decryption":"0", "process_success":"2", "total":"2"}}
{"logTime": "0627/234953", "correlationVector":"qT7x+e99FoBNya9o+emWtd.7","action":"ProcessGetUpdates", "result":"Done", "context":{"dataType":"Edge Hub App Usage", "deleted":"1", "process_failed_to_decrypt":"0", "process_pending_decryption":"0", "process_success":"2", "total":"2"}}
{"logTime": "0627/234953", "correlationVector":"qT7x+e99FoBNya9o+emWtd.8","action":"GetUpdates Response", "result":"Success", "context":Received 250 update(s). cV=qT7x+e99FoBNya9o+emWtd.0;server=akswtt00800002x;cloudType=Consumer;environment=Prod_southeastasia_prod-s01-065-apac-southeastasia;migrationStage=NotStarted Some updates remain.}
{"logTime": "0627/234953", "correlationVector":"vyXFRVLNtrrp8VNDXatdxc","action":"Initial GetUpdates", "result":"", "context":Reason: NEWLY_SUPPORTED_DATATYPE. cV=vyXFRVLNtrrp8VNDXatdxc}
{"logTime": "0627/234953", "correlationVector":"vyXFRVLNtrrp8VNDXatdxc.1","action":"SyncServerConnectionManagerRequest", "result":"SYNC_SERVER_OK", "context":{"environment":"Prod_southeastasia_prod-s01-065-apac-southeastasia", "migrationStage":"NotStarted", "server":"akswtt00800001a"}}
{"logTime": "0627/234953", "correlationVector":"vyXFRVLNtrrp8VNDXatdxc.2","action":"ProcessGetUpdates", "result":"Done", "context":{"dataType":"Autofill Profiles", "deleted":"0", "process_failed_to_decrypt":"0", "process_pending_decryption":"0", "process_success":"2", "total":"2"}}
{"logTime": "0627/234953", "correlationVector":"vyXFRVLNtrrp8VNDXatdxc.3","action":"ProcessGetUpdates", "result":"Done", "context":{"dataType":"Autofill", "deleted":"0", "process_failed_to_decrypt":"0", "process_pending_decryption":"0", "process_success":"106", "total":"106"}}
{"logTime": "0627/234953", "correlationVector":"vyXFRVLNtrrp8VNDXatdxc.4","action":"ProcessGetUpdates", "result":"Done", "context":{"dataType":"Sessions", "deleted":"135", "process_failed_to_decrypt":"0", "process_pending_decryption":"0", "process_success":"135", "total":"135"}}
{"logTime": "0627/234953", "correlationVector":"vyXFRVLNtrrp8VNDXatdxc.5","action":"ProcessGetUpdates", "result":"Done", "context":{"dataType":"Edge Hub App Usage", "deleted":"4", "process_failed_to_decrypt":"0", "process_pending_decryption":"0", "process_success":"7", "total":"7"}}
{"logTime": "0627/234953", "correlationVector":"vyXFRVLNtrrp8VNDXatdxc.6","action":"GetUpdates Response", "result":"Success", "context":Received 250 update(s). cV=vyXFRVLNtrrp8VNDXatdxc.0;server=akswtt00800001a;cloudType=Consumer;environment=Prod_southeastasia_prod-s01-065-apac-southeastasia;migrationStage=NotStarted Some updates remain.}
{"logTime": "0627/234953", "correlationVector":"u/HnrieCFFQpCkUGhTI1lm","action":"Initial GetUpdates", "result":"", "context":Reason: NEWLY_SUPPORTED_DATATYPE. cV=u/HnrieCFFQpCkUGhTI1lm}
{"logTime": "0627/234954", "correlationVector":"u/HnrieCFFQpCkUGhTI1lm.1","action":"SyncServerConnectionManagerRequest", "result":"SYNC_SERVER_OK", "context":{"environment":"Prod_southeastasia_prod-s01-065-apac-southeastasia", "migrationStage":"NotStarted", "server":"akswtt00800002x"}}
{"logTime": "0627/234954", "correlationVector":"u/HnrieCFFQpCkUGhTI1lm.2","action":"ProcessGetUpdates", "result":"Done", "context":{"dataType":"Autofill Profiles", "deleted":"0", "process_failed_to_decrypt":"0", "process_pending_decryption":"0", "process_success":"2", "total":"2"}}
{"logTime": "0627/234954", "correlationVector":"u/HnrieCFFQpCkUGhTI1lm.3","action":"ProcessGetUpdates", "result":"Done", "context":{"dataType":"Autofill", "deleted":"0", "process_failed_to_decrypt":"0", "process_pending_decryption":"0", "process_success":"20", "total":"20"}}
{"logTime": "0627/234954", "correlationVector":"u/HnrieCFFQpCkUGhTI1lm.4","action":"ProcessGetUpdates", "result":"Done", "context":{"dataType":"Sessions", "deleted":"50", "process_failed_to_decrypt":"0", "process_pending_decryption":"0", "process_success":"100", "total":"100"}}
{"logTime": "0627/234954", "correlationVector":"u/HnrieCFFQpCkUGhTI1lm.5","action":"ProcessGetUpdates", "result":"Done", "context":{"dataType":"Edge Hub App Usage", "deleted":"0", "process_failed_to_decrypt":"0", "process_pending_decryption":"0", "process_success":"1", "total":"1"}}
{"logTime": "0627/234954", "correlationVector":"u/HnrieCFFQpCkUGhTI1lm.6","action":"GetUpdates Response", "result":"Success", "context":Received 123 update(s). cV=u/HnrieCFFQpCkUGhTI1lm.0;server=akswtt00800002x;cloudType=Consumer;environment=Prod_southeastasia_prod-s01-065-apac-southeastasia;migrationStage=NotStarted}
{"logTime": "0627/234954", "correlationVector":"KRTRQcIiiSXM5aihbtw7zL","action":"Initial GetUpdates", "result":"", "context":Reason: NEWLY_SUPPORTED_DATATYPE. cV=KRTRQcIiiSXM5aihbtw7zL}
{"logTime": "0627/234955", "correlationVector":"KRTRQcIiiSXM5aihbtw7zL.1","action":"SyncServerConnectionManagerRequest", "result":"SYNC_SERVER_OK", "context":{"environment":"Prod_southeastasia_prod-s01-065-apac-southeastasia", "migrationStage":"NotStarted", "server":"akswtt00800000i"}}
{"logTime": "0627/234955", "correlationVector":"KRTRQcIiiSXM5aihbtw7zL.2","action":"ProcessGetUpdates", "result":"Done", "context":{"dataType":"History", "deleted":"0", "process_failed_to_decrypt":"0", "process_pending_decryption":"0", "process_success":"250", "total":"250"}}
{"logTime": "0627/234955", "correlationVector":"KRTRQcIiiSXM5aihbtw7zL.3","action":"GetUpdates Response", "result":"Success", "context":Received 250 update(s). cV=KRTRQcIiiSXM5aihbtw7zL.0;server=akswtt00800000i;cloudType=Consumer;environment=Prod_southeastasia_prod-s01-065-apac-southeastasia;migrationStage=NotStarted Some updates remain.}
{"logTime": "0627/234955", "correlationVector":"dz5H8rNgqFkKbCEuFQQxO3","action":"Initial GetUpdates", "result":"", "context":Reason: NEWLY_SUPPORTED_DATATYPE. cV=dz5H8rNgqFkKbCEuFQQxO3}
{"logTime": "0627/234956", "correlationVector":"dz5H8rNgqFkKbCEuFQQxO3.1","action":"SyncServerConnectionManagerRequest", "result":"SYNC_SERVER_OK", "context":{"environment":"Prod_southeastasia_prod-s01-065-apac-southeastasia", "migrationStage":"NotStarted", "server":"akswtt00800000i"}}
{"logTime": "0627/234956", "correlationVector":"dz5H8rNgqFkKbCEuFQQxO3.2","action":"ProcessGetUpdates", "result":"Done", "context":{"dataType":"History", "deleted":"0", "process_failed_to_decrypt":"0", "process_pending_decryption":"0", "process_success":"250", "total":"250"}}
{"logTime": "0627/234956", "correlationVector":"dz5H8rNgqFkKbCEuFQQxO3.3","action":"GetUpdates Response", "result":"Success", "context":Received 250 update(s). cV=dz5H8rNgqFkKbCEuFQQxO3.0;server=akswtt00800000i;cloudType=Consumer;environment=Prod_southeastasia_prod-s01-065-apac-southeastasia;migrationStage=NotStarted Some updates remain.}
{"logTime": "0627/234956", "correlationVector":"o9GH5qPSqF2b0ViCZqDJ+e","action":"Initial GetUpdates", "result":"", "context":Reason: NEWLY_SUPPORTED_DATATYPE. cV=o9GH5qPSqF2b0ViCZqDJ+e}
{"logTime": "0627/234957", "correlationVector":"o9GH5qPSqF2b0ViCZqDJ+e.1","action":"SyncServerConnectionManagerRequest", "result":"SYNC_SERVER_OK", "context":{"environment":"Prod_southeastasia_prod-s01-065-apac-southeastasia", "migrationStage":"NotStarted", "server":"akswtt00800000a"}}
{"logTime": "0627/234957", "correlationVector":"o9GH5qPSqF2b0ViCZqDJ+e.2","action":"ProcessGetUpdates", "result":"Done", "context":{"dataType":"History", "deleted":"0", "process_failed_to_decrypt":"0", "process_pending_decryption":"0", "process_success":"250", "total":"250"}}
{"logTime": "0627/234957", "correlationVector":"o9GH5qPSqF2b0ViCZqDJ+e.3","action":"GetUpdates Response", "result":"Success", "context":Received 250 update(s). cV=o9GH5qPSqF2b0ViCZqDJ+e.0;server=akswtt00800000a;cloudType=Consumer;environment=Prod_southeastasia_prod-s01-065-apac-southeastasia;migrationStage=NotStarted Some updates remain.}
{"logTime": "0627/234957", "correlationVector":"L05fBb6ECqVcB4VYBFYn0Z","action":"Initial GetUpdates", "result":"", "context":Reason: NEWLY_SUPPORTED_DATATYPE. cV=L05fBb6ECqVcB4VYBFYn0Z}
{"logTime": "0627/234958", "correlationVector":"L05fBb6ECqVcB4VYBFYn0Z.1","action":"SyncServerConnectionManagerRequest", "result":"SYNC_SERVER_OK", "context":{"environment":"Prod_southeastasia_prod-s01-065-apac-southeastasia", "migrationStage":"NotStarted", "server":"akswtt00800003y"}}
{"logTime": "0627/234958", "correlationVector":"L05fBb6ECqVcB4VYBFYn0Z.2","action":"ProcessGetUpdates", "result":"Done", "context":{"dataType":"History", "deleted":"0", "process_failed_to_decrypt":"0", "process_pending_decryption":"0", "process_success":"250", "total":"250"}}
{"logTime": "0627/234958", "correlationVector":"L05fBb6ECqVcB4VYBFYn0Z.3","action":"GetUpdates Response", "result":"Success", "context":Received 250 update(s). cV=L05fBb6ECqVcB4VYBFYn0Z.0;server=akswtt00800003y;cloudType=Consumer;environment=Prod_southeastasia_prod-s01-065-apac-southeastasia;migrationStage=NotStarted Some updates remain.}
{"logTime": "0627/234958", "correlationVector":"zP4Tf08JpPP5KdrKD0Pj2k","action":"Initial GetUpdates", "result":"", "context":Reason: NEWLY_SUPPORTED_DATATYPE. cV=zP4Tf08JpPP5KdrKD0Pj2k}
{"logTime": "0627/234959", "correlationVector":"zP4Tf08JpPP5KdrKD0Pj2k.1","action":"SyncServerConnectionManagerRequest", "result":"SYNC_SERVER_OK", "context":{"environment":"Prod_southeastasia_prod-s01-065-apac-southeastasia", "migrationStage":"NotStarted", "server":"akswtt00800002w"}}
{"logTime": "0627/234959", "correlationVector":"zP4Tf08JpPP5KdrKD0Pj2k.2","action":"ProcessGetUpdates", "result":"Done", "context":{"dataType":"History", "deleted":"0", "process_failed_to_decrypt":"0", "process_pending_decryption":"0", "process_success":"250", "total":"250"}}
{"logTime": "0627/234959", "correlationVector":"zP4Tf08JpPP5KdrKD0Pj2k.3","action":"GetUpdates Response", "result":"Success", "context":Received 250 update(s). cV=zP4Tf08JpPP5KdrKD0Pj2k.0;server=akswtt00800002w;cloudType=Consumer;environment=Prod_southeastasia_prod-s01-065-apac-southeastasia;migrationStage=NotStarted Some updates remain.}
{"logTime": "0627/234959", "correlationVector":"twAlGOWUkzrDFvyjQyT0Ud","action":"Initial GetUpdates", "result":"", "context":Reason: NEWLY_SUPPORTED_DATATYPE. cV=twAlGOWUkzrDFvyjQyT0Ud}
{"logTime": "0627/235000", "correlationVector":"twAlGOWUkzrDFvyjQyT0Ud.1","action":"SyncServerConnectionManagerRequest", "result":"SYNC_SERVER_OK", "context":{"environment":"Prod_southeastasia_prod-s01-065-apac-southeastasia", "migrationStage":"NotStarted", "server":"akswtt00800002x"}}
{"logTime": "0627/235000", "correlationVector":"twAlGOWUkzrDFvyjQyT0Ud.2","action":"ProcessGetUpdates", "result":"Done", "context":{"dataType":"History", "deleted":"0", "process_failed_to_decrypt":"0", "process_pending_decryption":"0", "process_success":"250", "total":"250"}}
{"logTime": "0627/235000", "correlationVector":"twAlGOWUkzrDFvyjQyT0Ud.3","action":"GetUpdates Response", "result":"Success", "context":Received 250 update(s). cV=twAlGOWUkzrDFvyjQyT0Ud.0;server=akswtt00800002x;cloudType=Consumer;environment=Prod_southeastasia_prod-s01-065-apac-southeastasia;migrationStage=NotStarted Some updates remain.}
{"logTime": "0627/235000", "correlationVector":"HEbSY/957bDH5fM0MmVqOU","action":"Initial GetUpdates", "result":"", "context":Reason: NEWLY_SUPPORTED_DATATYPE. cV=HEbSY/957bDH5fM0MmVqOU}
{"logTime": "0627/235000", "correlationVector":"HEbSY/957bDH5fM0MmVqOU.1","action":"SyncServerConnectionManagerRequest", "result":"SYNC_SERVER_OK", "context":{"environment":"Prod_southeastasia_prod-s01-065-apac-southeastasia", "migrationStage":"NotStarted", "server":"akswtt00800001e"}}
{"logTime": "0627/235000", "correlationVector":"HEbSY/957bDH5fM0MmVqOU.2","action":"ProcessGetUpdates", "result":"Done", "context":{"dataType":"History", "deleted":"0", "process_failed_to_decrypt":"0", "process_pending_decryption":"0", "process_success":"250", "total":"250"}}
{"logTime": "0627/235000", "correlationVector":"HEbSY/957bDH5fM0MmVqOU.3","action":"GetUpdates Response", "result":"Success", "context":Received 250 update(s). cV=HEbSY/957bDH5fM0MmVqOU.0;server=akswtt00800001e;cloudType=Consumer;environment=Prod_southeastasia_prod-s01-065-apac-southeastasia;migrationStage=NotStarted Some updates remain.}
{"logTime": "0627/235000", "correlationVector":"6O7ZAnq5rD7Um3Cd4dKGXI","action":"Initial GetUpdates", "result":"", "context":Reason: NEWLY_SUPPORTED_DATATYPE. cV=6O7ZAnq5rD7Um3Cd4dKGXI}
{"logTime": "0627/235001", "correlationVector":"6O7ZAnq5rD7Um3Cd4dKGXI.1","action":"SyncServerConnectionManagerRequest", "result":"SYNC_SERVER_OK", "context":{"environment":"Prod_southeastasia_prod-s01-065-apac-southeastasia", "migrationStage":"NotStarted", "server":"akswtt008000060"}}
{"logTime": "0627/235001", "correlationVector":"6O7ZAnq5rD7Um3Cd4dKGXI.2","action":"ProcessGetUpdates", "result":"Done", "context":{"dataType":"History", "deleted":"0", "process_failed_to_decrypt":"0", "process_pending_decryption":"0", "process_success":"250", "total":"250"}}
{"logTime": "0627/235001", "correlationVector":"6O7ZAnq5rD7Um3Cd4dKGXI.3","action":"GetUpdates Response", "result":"Success", "context":Received 250 update(s). cV=6O7ZAnq5rD7Um3Cd4dKGXI.0;server=akswtt008000060;cloudType=Consumer;environment=Prod_southeastasia_prod-s01-065-apac-southeastasia;migrationStage=NotStarted Some updates remain.}
{"logTime": "0627/235001", "correlationVector":"I1QsS3MWhOSI7jBu7weqRK","action":"Initial GetUpdates", "result":"", "context":Reason: NEWLY_SUPPORTED_DATATYPE. cV=I1QsS3MWhOSI7jBu7weqRK}
{"logTime": "0627/235002", "correlationVector":"I1QsS3MWhOSI7jBu7weqRK.1","action":"SyncServerConnectionManagerRequest", "result":"SYNC_SERVER_OK", "context":{"environment":"Prod_southeastasia_prod-s01-065-apac-southeastasia", "migrationStage":"NotStarted", "server":"akswtt00800002w"}}
{"logTime": "0627/235002", "correlationVector":"I1QsS3MWhOSI7jBu7weqRK.2","action":"ProcessGetUpdates", "result":"Done", "context":{"dataType":"History", "deleted":"0", "process_failed_to_decrypt":"0", "process_pending_decryption":"0", "process_success":"250", "total":"250"}}
{"logTime": "0627/235002", "correlationVector":"I1QsS3MWhOSI7jBu7weqRK.3","action":"GetUpdates Response", "result":"Success", "context":Received 250 update(s). cV=I1QsS3MWhOSI7jBu7weqRK.0;server=akswtt00800002w;cloudType=Consumer;environment=Prod_southeastasia_prod-s01-065-apac-southeastasia;migrationStage=NotStarted Some updates remain.}
{"logTime": "0627/235002", "correlationVector":"1yKL1DXjDm0skVsUUZUkiM","action":"Initial GetUpdates", "result":"", "context":Reason: NEWLY_SUPPORTED_DATATYPE. cV=1yKL1DXjDm0skVsUUZUkiM}
{"logTime": "0627/235002", "correlationVector":"1yKL1DXjDm0skVsUUZUkiM.1","action":"SyncServerConnectionManagerRequest", "result":"SYNC_SERVER_OK", "context":{"environment":"Prod_southeastasia_prod-s01-065-apac-southeastasia", "migrationStage":"NotStarted", "server":"akswtt00800003h"}}
{"logTime": "0627/235002", "correlationVector":"1yKL1DXjDm0skVsUUZUkiM.2","action":"ProcessGetUpdates", "result":"Done", "context":{"dataType":"History", "deleted":"0", "process_failed_to_decrypt":"0", "process_pending_decryption":"0", "process_success":"153", "total":"153"}}
{"logTime": "0627/235002", "correlationVector":"1yKL1DXjDm0skVsUUZUkiM.3","action":"GetUpdates Response", "result":"Success", "context":Received 153 update(s). cV=1yKL1DXjDm0skVsUUZUkiM.0;server=akswtt00800003h;cloudType=Consumer;environment=Prod_southeastasia_prod-s01-065-apac-southeastasia;migrationStage=NotStarted}
{"logTime": "0627/235002", "correlationVector":"NcWMOSqLdCGJcm72oszNoo","action":"Normal GetUpdate request", "result":"", "context":cV=NcWMOSqLdCGJcm72oszNoo
Nudged types: Preferences, Passwords, Sessions, Device Info, User Consents
Refresh requested types: Bookmarks, Preferences, Passwords, Autofill Profiles, Autofill, Extensions, Sessions, Extension settings, History Delete Directives, Device Info, User Consents, Send Tab To Self, Web Apps, History, Saved Tab Group, WebAuthn Credentials, Collection, Edge E Drop, Edge Hub App Usage, Edge Wallet, Encryption Keys}
{"logTime": "0627/235003", "correlationVector":"NcWMOSqLdCGJcm72oszNoo.1","action":"SyncServerConnectionManagerRequest", "result":"SYNC_SERVER_OK", "context":{"environment":"Prod_southeastasia_prod-s01-065-apac-southeastasia", "migrationStage":"NotStarted", "server":"akswtt00800002f"}}
{"logTime": "0627/235003", "correlationVector":"NcWMOSqLdCGJcm72oszNoo.2","action":"GetUpdates Response", "result":"Success", "context":Received 0 update(s). cV=NcWMOSqLdCGJcm72oszNoo.0;server=akswtt00800002f;cloudType=Consumer;environment=Prod_southeastasia_prod-s01-065-apac-southeastasia;migrationStage=NotStarted}
{"logTime": "0627/235003", "correlationVector":"Mq6w4HruhZkEafKNugkLQS","action":"Commit Request", "result":"", "context":Item count: 40
Contributing types: Passwords}
{"logTime": "0627/235005", "correlationVector":"Mq6w4HruhZkEafKNugkLQS.1","action":"SyncServerConnectionManagerRequest", "result":"SYNC_SERVER_OK", "context":{"environment":"Prod_southeastasia_prod-s01-065-apac-southeastasia", "migrationStage":"NotStarted", "server":"akswtt00800002l"}}
{"logTime": "0627/235005", "correlationVector":"Mq6w4HruhZkEafKNugkLQS.2","action":"Commit Response", "result":"Success", "context":Result: Success. cV=Mq6w4HruhZkEafKNugkLQS.0;server=akswtt00800002l;cloudType=Consumer;environment=Prod_southeastasia_prod-s01-065-apac-southeastasia;migrationStage=NotStarted}
{"logTime": "0627/235005", "correlationVector":"85TEunzt/BV55wqvzxrM9L","action":"Commit Request", "result":"", "context":Item count: 11
Contributing types: Preferences, Passwords, Sessions, Device Info, User Consents}
{"logTime": "0627/235007", "correlationVector":"85TEunzt/BV55wqvzxrM9L.1","action":"SyncServerConnectionManagerRequest", "result":"SYNC_SERVER_OK", "context":{"environment":"Prod_southeastasia_prod-s01-065-apac-southeastasia", "migrationStage":"NotStarted", "server":"akswtt00800002x"}}
{"logTime": "0627/235007", "correlationVector":"85TEunzt/BV55wqvzxrM9L.2","action":"Commit Response", "result":"Success", "context":Result: Success. cV=85TEunzt/BV55wqvzxrM9L.0;server=akswtt00800002x;cloudType=Consumer;environment=Prod_southeastasia_prod-s01-065-apac-southeastasia;migrationStage=NotStarted}
{"logTime": "0627/235017", "correlationVector":"x/vrXcffxdWROc6D9DGMlv","action":"Commit Request", "result":"", "context":Item count: 1
Contributing types: Preferences}
{"logTime": "0627/235017", "correlationVector":"x/vrXcffxdWROc6D9DGMlv.1","action":"SyncServerConnectionManagerRequest", "result":"SYNC_SERVER_OK", "context":{"environment":"Prod_southeastasia_prod-s01-065-apac-southeastasia", "migrationStage":"NotStarted", "server":"akswtt00800002e"}}
{"logTime": "0627/235017", "correlationVector":"x/vrXcffxdWROc6D9DGMlv.2","action":"Commit Response", "result":"Success", "context":Result: Success. cV=x/vrXcffxdWROc6D9DGMlv.0;server=akswtt00800002e;cloudType=Consumer;environment=Prod_southeastasia_prod-s01-065-apac-southeastasia;migrationStage=NotStarted}
{"logTime": "0627/235045", "correlationVector":"y1WtvyY7ZpU4OD1qqanVSS","action":"Commit Request", "result":"", "context":Item count: 40
Contributing types: Passwords}
{"logTime": "0627/235048", "correlationVector":"y1WtvyY7ZpU4OD1qqanVSS.1","action":"SyncServerConnectionManagerRequest", "result":"SYNC_SERVER_OK", "context":{"environment":"Prod_southeastasia_prod-s01-065-apac-southeastasia", "migrationStage":"NotStarted", "server":"akswtt00800003h"}}
{"logTime": "0627/235048", "correlationVector":"y1WtvyY7ZpU4OD1qqanVSS.2","action":"Commit Response", "result":"Success", "context":Result: Success. cV=y1WtvyY7ZpU4OD1qqanVSS.0;server=akswtt00800003h;cloudType=Consumer;environment=Prod_southeastasia_prod-s01-065-apac-southeastasia;migrationStage=NotStarted}
{"logTime": "0627/235048", "correlationVector":"rAvR06BkWiIMTO4FpGFb1x","action":"Commit Request", "result":"", "context":Item count: 12
Contributing types: Passwords}
{"logTime": "0627/235049", "correlationVector":"rAvR06BkWiIMTO4FpGFb1x.1","action":"SyncServerConnectionManagerRequest", "result":"SYNC_SERVER_OK", "context":{"environment":"Prod_southeastasia_prod-s01-065-apac-southeastasia", "migrationStage":"NotStarted", "server":"akswtt008000000"}}
{"logTime": "0627/235049", "correlationVector":"rAvR06BkWiIMTO4FpGFb1x.2","action":"Commit Response", "result":"Success", "context":Result: Success. cV=rAvR06BkWiIMTO4FpGFb1x.0;server=akswtt008000000;cloudType=Consumer;environment=Prod_southeastasia_prod-s01-065-apac-southeastasia;migrationStage=NotStarted}
